{
  "stats": {
    "suites": 1,
    "tests": 1,
    "passes": 1,
    "pending": 0,
    "failures": 0,
    "start": "2025-01-12T16:12:44.675Z",
    "end": "2025-01-12T16:12:49.232Z",
    "duration": 4557,
    "testsRegistered": 1,
    "passPercent": 100,
    "pendingPercent": 0,
    "other": 0,
    "hasOther": false,
    "skipped": 0,
    "hasSkipped": false
  },
  "results": [
    {
      "uuid": "dffcbbf9-c664-4f4e-8626-b36c546eff75",
      "title": "",
      "fullFile": "cypress\\e2e\\ClaimTest.cy.js",
      "file": "cypress\\e2e\\ClaimTest.cy.js",
      "beforeHooks": [],
      "afterHooks": [],
      "tests": [],
      "suites": [
        {
          "uuid": "6de4427b-97f0-4c41-bcdb-ad01c969fb29",
          "title": "Buzz Tests on Orange HRM Application",
          "fullFile": "",
          "file": "",
          "beforeHooks": [],
          "afterHooks": [],
          "tests": [
            {
              "title": "Verify Claim module is displayed in Buzz",
              "fullTitle": "Buzz Tests on Orange HRM Application Verify Claim module is displayed in Buzz",
              "timedOut": null,
              "duration": 4502,
              "state": "passed",
              "speed": "fast",
              "pass": true,
              "fail": false,
              "pending": false,
              "context": "{\n  \"title\": \"cypress-mochawesome-reporter-videos-passed\",\n  \"value\": \"cypress\\\\e2e\\\\ClaimTest.cy.js\"\n}",
              "code": "cy.get('a[href=\"/web/index.php/claim/viewClaimModule\"]').as('ClaimModule'); // creating alisas\ncy.get('@ClaimModule').should('be.visible').click(); //using alisas\ncy.get('button[type=\"submit\"]').click;",
              "err": {},
              "uuid": "fe53757b-c43a-4d0d-a377-fb9b4eda1fe9",
              "parentUUID": "6de4427b-97f0-4c41-bcdb-ad01c969fb29",
              "isHook": false,
              "skipped": false
            }
          ],
          "suites": [],
          "passes": [
            "fe53757b-c43a-4d0d-a377-fb9b4eda1fe9"
          ],
          "failures": [],
          "pending": [],
          "skipped": [],
          "duration": 4502,
          "root": false,
          "rootEmpty": false,
          "_timeout": 2000
        }
      ],
      "passes": [],
      "failures": [],
      "pending": [],
      "skipped": [],
      "duration": 0,
      "root": true,
      "rootEmpty": true,
      "_timeout": 2000
    }
  ],
  "meta": {
    "mocha": {
      "version": "7.0.1"
    },
    "mochawesome": {
      "options": {
        "quiet": false,
        "reportFilename": "mochawesome",
        "saveHtml": false,
        "saveJson": true,
        "consoleReporter": "spec",
        "useInlineDiffs": false,
        "code": true
      },
      "version": "7.1.3"
    },
    "marge": {
      "options": {
        "overwrite": false,
        "html": false,
        "json": true,
        "reportDir": "cypress\\reports\\html\\.jsons"
      },
      "version": "6.2.0"
    }
  }
}