{
  "stats": {
    "suites": 1,
    "tests": 1,
    "passes": 1,
    "pending": 0,
    "failures": 0,
    "start": "2025-01-12T16:12:52.238Z",
    "end": "2025-01-12T16:12:57.011Z",
    "duration": 4773,
    "testsRegistered": 1,
    "passPercent": 100,
    "pendingPercent": 0,
    "other": 0,
    "hasOther": false,
    "skipped": 0,
    "hasSkipped": false
  },
  "results": [
    {
      "uuid": "40567a10-d3c4-477f-ad91-03a8b478ec70",
      "title": "",
      "fullFile": "cypress\\e2e\\InfoPersTest.cy.js",
      "file": "cypress\\e2e\\InfoPersTest.cy.js",
      "beforeHooks": [],
      "afterHooks": [],
      "tests": [],
      "suites": [
        {
          "uuid": "6adddec3-544c-4934-a3d7-85c6d89375f8",
          "title": "Buzz Tests on Orange HRM Application",
          "fullFile": "",
          "file": "",
          "beforeHooks": [],
          "afterHooks": [],
          "tests": [
            {
              "title": "Verify My Infor module is displayed in Buzz",
              "fullTitle": "Buzz Tests on Orange HRM Application Verify My Infor module is displayed in Buzz",
              "timedOut": null,
              "duration": 4740,
              "state": "passed",
              "speed": "fast",
              "pass": true,
              "fail": false,
              "pending": false,
              "context": "{\n  \"title\": \"cypress-mochawesome-reporter-videos-passed\",\n  \"value\": \"cypress\\\\e2e\\\\InfoPersTest.cy.js\"\n}",
              "code": "cy.get('@myinfo').should('be.visible').click(); //using alisas\n//cy.get('a[href=\"/web/index.php/pim/contactDetails/empNumber/7\"]')\n//.should('be.visible').contains('Personal Details')",
              "err": {},
              "uuid": "03bf2478-a537-4ef8-8231-d52a3d7004a6",
              "parentUUID": "6adddec3-544c-4934-a3d7-85c6d89375f8",
              "isHook": false,
              "skipped": false
            }
          ],
          "suites": [],
          "passes": [
            "03bf2478-a537-4ef8-8231-d52a3d7004a6"
          ],
          "failures": [],
          "pending": [],
          "skipped": [],
          "duration": 4740,
          "root": false,
          "rootEmpty": false,
          "_timeout": 2000
        }
      ],
      "passes": [],
      "failures": [],
      "pending": [],
      "skipped": [],
      "duration": 0,
      "root": true,
      "rootEmpty": true,
      "_timeout": 2000
    }
  ],
  "meta": {
    "mocha": {
      "version": "7.0.1"
    },
    "mochawesome": {
      "options": {
        "quiet": false,
        "reportFilename": "mochawesome",
        "saveHtml": false,
        "saveJson": true,
        "consoleReporter": "spec",
        "useInlineDiffs": false,
        "code": true
      },
      "version": "7.1.3"
    },
    "marge": {
      "options": {
        "overwrite": false,
        "html": false,
        "json": true,
        "reportDir": "cypress\\reports\\html\\.jsons"
      },
      "version": "6.2.0"
    }
  }
}