{
  "stats": {
    "suites": 1,
    "tests": 1,
    "passes": 1,
    "pending": 0,
    "failures": 0,
    "start": "2025-01-12T16:12:35.839Z",
    "end": "2025-01-12T16:12:41.962Z",
    "duration": 6123,
    "testsRegistered": 1,
    "passPercent": 100,
    "pendingPercent": 0,
    "other": 0,
    "hasOther": false,
    "skipped": 0,
    "hasSkipped": false
  },
  "results": [
    {
      "uuid": "650e7948-e043-48bd-97c9-123d13e5f9ad",
      "title": "",
      "fullFile": "cypress\\e2e\\BuzzTest.cy.js",
      "file": "cypress\\e2e\\BuzzTest.cy.js",
      "beforeHooks": [],
      "afterHooks": [],
      "tests": [],
      "suites": [
        {
          "uuid": "81adf7b5-f810-465a-be44-81f5892adbbf",
          "title": "Buzz Tests on Orange HRM Application",
          "fullFile": "",
          "file": "",
          "beforeHooks": [],
          "afterHooks": [],
          "tests": [
            {
              "title": "Verify user able to post in newsfeed of Buzz Module",
              "fullTitle": "Buzz Tests on Orange HRM Application Verify user able to post in newsfeed of Buzz Module",
              "timedOut": null,
              "duration": 6037,
              "state": "passed",
              "speed": "medium",
              "pass": true,
              "fail": false,
              "pending": false,
              "context": "{\n  \"title\": \"cypress-mochawesome-reporter-videos-passed\",\n  \"value\": \"cypress\\\\e2e\\\\BuzzTest.cy.js\"\n}",
              "code": "cy.get('textarea').should('be.visible').type('\"Hey My post\"');\ncy.get('button[type=\"submit\"]').click({\n  force: true\n});\ncy.get('.oxd-toast-content.oxd-toast-content--success').should('be.visible').contains('Successfully Saved');",
              "err": {},
              "uuid": "cc6e5d75-68d4-4619-b11e-d535828d887f",
              "parentUUID": "81adf7b5-f810-465a-be44-81f5892adbbf",
              "isHook": false,
              "skipped": false
            }
          ],
          "suites": [],
          "passes": [
            "cc6e5d75-68d4-4619-b11e-d535828d887f"
          ],
          "failures": [],
          "pending": [],
          "skipped": [],
          "duration": 6037,
          "root": false,
          "rootEmpty": false,
          "_timeout": 2000
        }
      ],
      "passes": [],
      "failures": [],
      "pending": [],
      "skipped": [],
      "duration": 0,
      "root": true,
      "rootEmpty": true,
      "_timeout": 2000
    }
  ],
  "meta": {
    "mocha": {
      "version": "7.0.1"
    },
    "mochawesome": {
      "options": {
        "quiet": false,
        "reportFilename": "mochawesome",
        "saveHtml": false,
        "saveJson": true,
        "consoleReporter": "spec",
        "useInlineDiffs": false,
        "code": true
      },
      "version": "7.1.3"
    },
    "marge": {
      "options": {
        "overwrite": false,
        "html": false,
        "json": true,
        "reportDir": "cypress\\reports\\html\\.jsons"
      },
      "version": "6.2.0"
    }
  }
}