{
  "stats": {
    "suites": 1,
    "tests": 4,
    "passes": 4,
    "pending": 0,
    "failures": 0,
    "start": "2025-01-12T16:29:11.812Z",
    "end": "2025-01-12T16:29:25.652Z",
    "duration": 13840,
    "testsRegistered": 4,
    "passPercent": 100,
    "pendingPercent": 0,
    "other": 0,
    "hasOther": false,
    "skipped": 0,
    "hasSkipped": false
  },
  "results": [
    {
      "uuid": "e5e99933-2485-4d2a-b149-e5a674b290c9",
      "title": "",
      "fullFile": "cypress\\e2e\\LoginTest.cy.js",
      "file": "cypress\\e2e\\LoginTest.cy.js",
      "beforeHooks": [],
      "afterHooks": [],
      "tests": [],
      "suites": [
        {
          "uuid": "7d0859a9-6dec-40b2-a798-9fa5554dda5b",
          "title": "Basic Login Tests on Orange HRM Application",
          "fullFile": "",
          "file": "",
          "beforeHooks": [],
          "afterHooks": [],
          "tests": [
            {
              "title": "Verify Login to the HRM App is working",
              "fullTitle": "Basic Login Tests on Orange HRM Application Verify Login to the HRM App is working",
              "timedOut": null,
              "duration": 7287,
              "state": "passed",
              "speed": "medium",
              "pass": true,
              "fail": false,
              "pending": false,
              "context": "{\n  \"title\": \"cypress-mochawesome-reporter-videos-passed\",\n  \"value\": \"cypress\\\\e2e\\\\LoginTest.cy.js\"\n}",
              "code": "cy.visit('/');\ncy.get('input[placeholder=\"Username\"]').type(\"Admin\");\ncy.get('input[placeholder=\"Password\"]').type(\"admin123\");\ncy.get('button[type=\"submit\"]').click({\n  force: true\n});\n// Use the \"should\" command to assert element visibility\ncy.get('.oxd-userdropdown') // Replace '.element-selector' with the actual selector of the element\n.should('be.visible'); // Use 'be.visible' to assert that the element is visible",
              "err": {},
              "uuid": "b52243e5-6cf9-4061-b19d-772086e9721e",
              "parentUUID": "7d0859a9-6dec-40b2-a798-9fa5554dda5b",
              "isHook": false,
              "skipped": false
            },
            {
              "title": "Verify Login to the HRM App with invalid credentials",
              "fullTitle": "Basic Login Tests on Orange HRM Application Verify Login to the HRM App with invalid credentials",
              "timedOut": null,
              "duration": 2907,
              "state": "passed",
              "speed": "fast",
              "pass": true,
              "fail": false,
              "pending": false,
              "context": "{\n  \"title\": \"cypress-mochawesome-reporter-videos-passed\",\n  \"value\": \"cypress\\\\e2e\\\\LoginTest.cy.js\"\n}",
              "code": "cy.visit('/');\ncy.get('input[placeholder=\"Username\"]').type(\"Admin\");\ncy.get('input[placeholder=\"Password\"]').type(\"admin1235\");\ncy.get('button[type=\"submit\"]').click({\n  force: true\n});\n// Use the \"should\" command to assert element visibility\ncy.get('div[role=\"alert\"]') // Replace '.element-selector' with the actual selector of the element\n.should('be.visible'); // Use 'be.visible' to assert that the element is visible",
              "err": {},
              "uuid": "ee77ce5f-1713-4128-be1e-1dbe36b5252a",
              "parentUUID": "7d0859a9-6dec-40b2-a798-9fa5554dda5b",
              "isHook": false,
              "skipped": false
            },
            {
              "title": "Verify Login to the HRM App with invalid credentials user",
              "fullTitle": "Basic Login Tests on Orange HRM Application Verify Login to the HRM App with invalid credentials user",
              "timedOut": null,
              "duration": 2053,
              "state": "passed",
              "speed": "fast",
              "pass": true,
              "fail": false,
              "pending": false,
              "context": "{\n  \"title\": \"cypress-mochawesome-reporter-videos-passed\",\n  \"value\": \"cypress\\\\e2e\\\\LoginTest.cy.js\"\n}",
              "code": "cy.visit('/');\ncy.get('input[placeholder=\"Username\"]').type(\"Adminee\");\ncy.get('input[placeholder=\"Password\"]').type(\"admin123\");\ncy.get('button[type=\"submit\"]').click({\n  force: true\n});\n// Use the \"should\" command to assert element visibility\ncy.get('div[role=\"alert\"]') // Replace '.element-selector' with the actual selector of the element\n.should('be.visible'); // Use 'be.visible' to assert that the element is visible",
              "err": {},
              "uuid": "6424b3d6-dc56-4842-8d42-8c1858eff376",
              "parentUUID": "7d0859a9-6dec-40b2-a798-9fa5554dda5b",
              "isHook": false,
              "skipped": false
            },
            {
              "title": "Login Forgot your password link navigation is working",
              "fullTitle": "Basic Login Tests on Orange HRM Application Login Forgot your password link navigation is working",
              "timedOut": null,
              "duration": 1394,
              "state": "passed",
              "speed": "fast",
              "pass": true,
              "fail": false,
              "pending": false,
              "context": "{\n  \"title\": \"cypress-mochawesome-reporter-videos-passed\",\n  \"value\": \"cypress\\\\e2e\\\\LoginTest.cy.js\"\n}",
              "code": "cy.visit('/');\ncy.get('.oxd-text.oxd-text--p.orangehrm-login-forgot-header').click({\n  force: true\n});\n// Use the \"should\" command to assert element visibility\ncy.get('button[type=\"button\"]') // Replace '.element-selector' with the actual selector of the element\n.should('be.visible');",
              "err": {},
              "uuid": "bb2c1a89-ef8b-45be-9e85-46055d937e93",
              "parentUUID": "7d0859a9-6dec-40b2-a798-9fa5554dda5b",
              "isHook": false,
              "skipped": false
            }
          ],
          "suites": [],
          "passes": [
            "b52243e5-6cf9-4061-b19d-772086e9721e",
            "ee77ce5f-1713-4128-be1e-1dbe36b5252a",
            "6424b3d6-dc56-4842-8d42-8c1858eff376",
            "bb2c1a89-ef8b-45be-9e85-46055d937e93"
          ],
          "failures": [],
          "pending": [],
          "skipped": [],
          "duration": 13641,
          "root": false,
          "rootEmpty": false,
          "_timeout": 2000
        }
      ],
      "passes": [],
      "failures": [],
      "pending": [],
      "skipped": [],
      "duration": 0,
      "root": true,
      "rootEmpty": true,
      "_timeout": 2000
    }
  ],
  "meta": {
    "mocha": {
      "version": "7.0.1"
    },
    "mochawesome": {
      "options": {
        "quiet": false,
        "reportFilename": "mochawesome",
        "saveHtml": true,
        "saveJson": true,
        "consoleReporter": "spec",
        "useInlineDiffs": false,
        "code": true
      },
      "version": "7.1.3"
    },
    "marge": {
      "options": {
        "reportDir": "cypress/reports",
        "overwrite": false,
        "html": true,
        "json": true,
        "charts": true
      },
      "version": "6.2.0"
    }
  }
}