{
  "stats": {
    "suites": 1,
    "tests": 1,
    "passes": 1,
    "pending": 0,
    "failures": 0,
    "start": "2025-01-12T17:00:16.051Z",
    "end": "2025-01-12T17:00:20.981Z",
    "duration": 4930,
    "testsRegistered": 1,
    "passPercent": 100,
    "pendingPercent": 0,
    "other": 0,
    "hasOther": false,
    "skipped": 0,
    "hasSkipped": false
  },
  "results": [
    {
      "uuid": "c9a9f2e3-8b4d-4c2e-8728-bb9e9ca9dccf",
      "title": "",
      "fullFile": "cypress\\e2e\\InfoPersTest.cy.js",
      "file": "cypress\\e2e\\InfoPersTest.cy.js",
      "beforeHooks": [],
      "afterHooks": [],
      "tests": [],
      "suites": [
        {
          "uuid": "f8113309-bdba-4b48-b1f0-4c5273f025a1",
          "title": "Buzz Tests on Orange HRM Application",
          "fullFile": "",
          "file": "",
          "beforeHooks": [],
          "afterHooks": [],
          "tests": [
            {
              "title": "Verify My Infor module is displayed in Buzz",
              "fullTitle": "Buzz Tests on Orange HRM Application Verify My Infor module is displayed in Buzz",
              "timedOut": null,
              "duration": 4909,
              "state": "passed",
              "speed": "fast",
              "pass": true,
              "fail": false,
              "pending": false,
              "context": "{\n  \"title\": \"cypress-mochawesome-reporter-videos-passed\",\n  \"value\": \"cypress\\\\e2e\\\\InfoPersTest.cy.js\"\n}",
              "code": "cy.get('@myinfo').should('be.visible').click(); //using alisas\n//cy.get('a[href=\"/web/index.php/pim/contactDetails/empNumber/7\"]')\n//.should('be.visible').contains('Personal Details')",
              "err": {},
              "uuid": "502c18be-03fd-4554-8e52-6854caaaa853",
              "parentUUID": "f8113309-bdba-4b48-b1f0-4c5273f025a1",
              "isHook": false,
              "skipped": false
            }
          ],
          "suites": [],
          "passes": [
            "502c18be-03fd-4554-8e52-6854caaaa853"
          ],
          "failures": [],
          "pending": [],
          "skipped": [],
          "duration": 4909,
          "root": false,
          "rootEmpty": false,
          "_timeout": 2000
        }
      ],
      "passes": [],
      "failures": [],
      "pending": [],
      "skipped": [],
      "duration": 0,
      "root": true,
      "rootEmpty": true,
      "_timeout": 2000
    }
  ],
  "meta": {
    "mocha": {
      "version": "7.0.1"
    },
    "mochawesome": {
      "options": {
        "quiet": false,
        "reportFilename": "mochawesome",
        "saveHtml": true,
        "saveJson": true,
        "consoleReporter": "spec",
        "useInlineDiffs": false,
        "code": true
      },
      "version": "7.1.3"
    },
    "marge": {
      "options": {
        "reportDir": "cypress/reports",
        "overwrite": false,
        "html": true,
        "json": true,
        "charts": true
      },
      "version": "6.2.0"
    }
  }
}