{
  "stats": {
    "suites": 1,
    "tests": 1,
    "passes": 1,
    "pending": 0,
    "failures": 0,
    "start": "2025-01-12T16:55:58.186Z",
    "end": "2025-01-12T16:56:04.072Z",
    "duration": 5886,
    "testsRegistered": 1,
    "passPercent": 100,
    "pendingPercent": 0,
    "other": 0,
    "hasOther": false,
    "skipped": 0,
    "hasSkipped": false
  },
  "results": [
    {
      "uuid": "d6058cd7-e0c0-480b-8d30-1f4a0bb3d6d8",
      "title": "",
      "fullFile": "cypress\\e2e\\InfoPersTest.cy.js",
      "file": "cypress\\e2e\\InfoPersTest.cy.js",
      "beforeHooks": [],
      "afterHooks": [],
      "tests": [],
      "suites": [
        {
          "uuid": "a3c4eb45-0077-4a33-83ed-da0a9f0e0cb7",
          "title": "Buzz Tests on Orange HRM Application",
          "fullFile": "",
          "file": "",
          "beforeHooks": [],
          "afterHooks": [],
          "tests": [
            {
              "title": "Verify My Infor module is displayed in Buzz",
              "fullTitle": "Buzz Tests on Orange HRM Application Verify My Infor module is displayed in Buzz",
              "timedOut": null,
              "duration": 5854,
              "state": "passed",
              "speed": "medium",
              "pass": true,
              "fail": false,
              "pending": false,
              "context": "{\n  \"title\": \"cypress-mochawesome-reporter-videos-passed\",\n  \"value\": \"cypress\\\\e2e\\\\InfoPersTest.cy.js\"\n}",
              "code": "cy.get('@myinfo').should('be.visible').click(); //using alisas\n//cy.get('a[href=\"/web/index.php/pim/contactDetails/empNumber/7\"]')\n//.should('be.visible').contains('Personal Details')",
              "err": {},
              "uuid": "8761e003-c6dd-45de-864b-a301b9c392e6",
              "parentUUID": "a3c4eb45-0077-4a33-83ed-da0a9f0e0cb7",
              "isHook": false,
              "skipped": false
            }
          ],
          "suites": [],
          "passes": [
            "8761e003-c6dd-45de-864b-a301b9c392e6"
          ],
          "failures": [],
          "pending": [],
          "skipped": [],
          "duration": 5854,
          "root": false,
          "rootEmpty": false,
          "_timeout": 2000
        }
      ],
      "passes": [],
      "failures": [],
      "pending": [],
      "skipped": [],
      "duration": 0,
      "root": true,
      "rootEmpty": true,
      "_timeout": 2000
    }
  ],
  "meta": {
    "mocha": {
      "version": "7.0.1"
    },
    "mochawesome": {
      "options": {
        "quiet": false,
        "reportFilename": "mochawesome",
        "saveHtml": true,
        "saveJson": true,
        "consoleReporter": "spec",
        "useInlineDiffs": false,
        "code": true
      },
      "version": "7.1.3"
    },
    "marge": {
      "options": {
        "reportDir": "cypress/reports",
        "overwrite": false,
        "html": true,
        "json": true,
        "charts": true
      },
      "version": "6.2.0"
    }
  }
}