{
  "stats": {
    "suites": 1,
    "tests": 4,
    "passes": 4,
    "pending": 0,
    "failures": 0,
    "start": "2025-01-12T16:36:56.455Z",
    "end": "2025-01-12T16:37:06.989Z",
    "duration": 10534,
    "testsRegistered": 4,
    "passPercent": 100,
    "pendingPercent": 0,
    "other": 0,
    "hasOther": false,
    "skipped": 0,
    "hasSkipped": false
  },
  "results": [
    {
      "uuid": "f96bbc77-6a17-42da-b97a-ce30a7446ec3",
      "title": "",
      "fullFile": "cypress\\e2e\\LoginTest.cy.js",
      "file": "cypress\\e2e\\LoginTest.cy.js",
      "beforeHooks": [],
      "afterHooks": [],
      "tests": [],
      "suites": [
        {
          "uuid": "96777c52-f50a-4d9e-abce-d943557c6e4e",
          "title": "Basic Login Tests on Orange HRM Application",
          "fullFile": "",
          "file": "",
          "beforeHooks": [],
          "afterHooks": [],
          "tests": [
            {
              "title": "Verify Login to the HRM App is working",
              "fullTitle": "Basic Login Tests on Orange HRM Application Verify Login to the HRM App is working",
              "timedOut": null,
              "duration": 3778,
              "state": "passed",
              "speed": "fast",
              "pass": true,
              "fail": false,
              "pending": false,
              "context": "{\n  \"title\": \"cypress-mochawesome-reporter-videos-passed\",\n  \"value\": \"cypress\\\\e2e\\\\LoginTest.cy.js\"\n}",
              "code": "cy.visit('/');\ncy.get('input[placeholder=\"Username\"]').type(\"Admin\");\ncy.get('input[placeholder=\"Password\"]').type(\"admin123\");\ncy.get('button[type=\"submit\"]').click({\n  force: true\n});\n// Use the \"should\" command to assert element visibility\ncy.get('.oxd-userdropdown') // Replace '.element-selector' with the actual selector of the element\n.should('be.visible'); // Use 'be.visible' to assert that the element is visible",
              "err": {},
              "uuid": "c1724a8c-c309-4b5f-bec3-e86f15557224",
              "parentUUID": "96777c52-f50a-4d9e-abce-d943557c6e4e",
              "isHook": false,
              "skipped": false
            },
            {
              "title": "Verify Login to the HRM App with invalid credentials",
              "fullTitle": "Basic Login Tests on Orange HRM Application Verify Login to the HRM App with invalid credentials",
              "timedOut": null,
              "duration": 2863,
              "state": "passed",
              "speed": "fast",
              "pass": true,
              "fail": false,
              "pending": false,
              "context": "{\n  \"title\": \"cypress-mochawesome-reporter-videos-passed\",\n  \"value\": \"cypress\\\\e2e\\\\LoginTest.cy.js\"\n}",
              "code": "cy.visit('/');\ncy.get('input[placeholder=\"Username\"]').type(\"Admin\");\ncy.get('input[placeholder=\"Password\"]').type(\"admin1235\");\ncy.get('button[type=\"submit\"]').click({\n  force: true\n});\n// Use the \"should\" command to assert element visibility\ncy.get('div[role=\"alert\"]') // Replace '.element-selector' with the actual selector of the element\n.should('be.visible'); // Use 'be.visible' to assert that the element is visible",
              "err": {},
              "uuid": "42c1674c-ff52-40e9-97e4-6836c1d2f58a",
              "parentUUID": "96777c52-f50a-4d9e-abce-d943557c6e4e",
              "isHook": false,
              "skipped": false
            },
            {
              "title": "Verify Login to the HRM App with invalid credentials user",
              "fullTitle": "Basic Login Tests on Orange HRM Application Verify Login to the HRM App with invalid credentials user",
              "timedOut": null,
              "duration": 2256,
              "state": "passed",
              "speed": "fast",
              "pass": true,
              "fail": false,
              "pending": false,
              "context": "{\n  \"title\": \"cypress-mochawesome-reporter-videos-passed\",\n  \"value\": \"cypress\\\\e2e\\\\LoginTest.cy.js\"\n}",
              "code": "cy.visit('/');\ncy.get('input[placeholder=\"Username\"]').type(\"Adminee\");\ncy.get('input[placeholder=\"Password\"]').type(\"admin123\");\ncy.get('button[type=\"submit\"]').click({\n  force: true\n});\n// Use the \"should\" command to assert element visibility\ncy.get('div[role=\"alert\"]') // Replace '.element-selector' with the actual selector of the element\n.should('be.visible'); // Use 'be.visible' to assert that the element is visible",
              "err": {},
              "uuid": "de07c48a-13ee-476a-af88-34dd9a7e0e24",
              "parentUUID": "96777c52-f50a-4d9e-abce-d943557c6e4e",
              "isHook": false,
              "skipped": false
            },
            {
              "title": "Login Forgot your password link navigation is working",
              "fullTitle": "Basic Login Tests on Orange HRM Application Login Forgot your password link navigation is working",
              "timedOut": null,
              "duration": 1483,
              "state": "passed",
              "speed": "fast",
              "pass": true,
              "fail": false,
              "pending": false,
              "context": "{\n  \"title\": \"cypress-mochawesome-reporter-videos-passed\",\n  \"value\": \"cypress\\\\e2e\\\\LoginTest.cy.js\"\n}",
              "code": "cy.visit('/');\ncy.get('.oxd-text.oxd-text--p.orangehrm-login-forgot-header').click({\n  force: true\n});\n// Use the \"should\" command to assert element visibility\ncy.get('button[type=\"button\"]') // Replace '.element-selector' with the actual selector of the element\n.should('be.visible');",
              "err": {},
              "uuid": "e65ae8e8-06ff-4d59-8775-7d374c7ddc96",
              "parentUUID": "96777c52-f50a-4d9e-abce-d943557c6e4e",
              "isHook": false,
              "skipped": false
            }
          ],
          "suites": [],
          "passes": [
            "c1724a8c-c309-4b5f-bec3-e86f15557224",
            "42c1674c-ff52-40e9-97e4-6836c1d2f58a",
            "de07c48a-13ee-476a-af88-34dd9a7e0e24",
            "e65ae8e8-06ff-4d59-8775-7d374c7ddc96"
          ],
          "failures": [],
          "pending": [],
          "skipped": [],
          "duration": 10380,
          "root": false,
          "rootEmpty": false,
          "_timeout": 2000
        }
      ],
      "passes": [],
      "failures": [],
      "pending": [],
      "skipped": [],
      "duration": 0,
      "root": true,
      "rootEmpty": true,
      "_timeout": 2000
    }
  ],
  "meta": {
    "mocha": {
      "version": "7.0.1"
    },
    "mochawesome": {
      "options": {
        "quiet": false,
        "reportFilename": "mochawesome",
        "saveHtml": true,
        "saveJson": true,
        "consoleReporter": "spec",
        "useInlineDiffs": false,
        "code": true
      },
      "version": "7.1.3"
    },
    "marge": {
      "options": {
        "reportDir": "cypress/reports",
        "overwrite": false,
        "html": true,
        "json": true,
        "charts": true
      },
      "version": "6.2.0"
    }
  }
}