{
  "stats": {
    "suites": 1,
    "tests": 1,
    "passes": 1,
    "pending": 0,
    "failures": 0,
    "start": "2025-01-12T16:27:28.030Z",
    "end": "2025-01-12T16:27:32.648Z",
    "duration": 4618,
    "testsRegistered": 1,
    "passPercent": 100,
    "pendingPercent": 0,
    "other": 0,
    "hasOther": false,
    "skipped": 0,
    "hasSkipped": false
  },
  "results": [
    {
      "uuid": "29892899-f3a8-4c60-8b5f-8adf58f2878e",
      "title": "",
      "fullFile": "cypress\\e2e\\ClaimTest.cy.js",
      "file": "cypress\\e2e\\ClaimTest.cy.js",
      "beforeHooks": [],
      "afterHooks": [],
      "tests": [],
      "suites": [
        {
          "uuid": "5d98fe52-b2d6-4504-aefc-3a865d02e9a0",
          "title": "Buzz Tests on Orange HRM Application",
          "fullFile": "",
          "file": "",
          "beforeHooks": [],
          "afterHooks": [],
          "tests": [
            {
              "title": "Verify Claim module is displayed in Buzz",
              "fullTitle": "Buzz Tests on Orange HRM Application Verify Claim module is displayed in Buzz",
              "timedOut": null,
              "duration": 4573,
              "state": "passed",
              "speed": "fast",
              "pass": true,
              "fail": false,
              "pending": false,
              "context": "{\n  \"title\": \"cypress-mochawesome-reporter-videos-passed\",\n  \"value\": \"cypress\\\\e2e\\\\ClaimTest.cy.js\"\n}",
              "code": "cy.get('a[href=\"/web/index.php/claim/viewClaimModule\"]').as('ClaimModule'); // creating alisas\ncy.get('@ClaimModule').should('be.visible').click(); //using alisas\ncy.get('button[type=\"submit\"]').click;",
              "err": {},
              "uuid": "db801ba4-4ce3-4aa7-ba4d-e361fc28240b",
              "parentUUID": "5d98fe52-b2d6-4504-aefc-3a865d02e9a0",
              "isHook": false,
              "skipped": false
            }
          ],
          "suites": [],
          "passes": [
            "db801ba4-4ce3-4aa7-ba4d-e361fc28240b"
          ],
          "failures": [],
          "pending": [],
          "skipped": [],
          "duration": 4573,
          "root": false,
          "rootEmpty": false,
          "_timeout": 2000
        }
      ],
      "passes": [],
      "failures": [],
      "pending": [],
      "skipped": [],
      "duration": 0,
      "root": true,
      "rootEmpty": true,
      "_timeout": 2000
    }
  ],
  "meta": {
    "mocha": {
      "version": "7.0.1"
    },
    "mochawesome": {
      "options": {
        "quiet": false,
        "reportFilename": "mochawesome",
        "saveHtml": true,
        "saveJson": true,
        "consoleReporter": "spec",
        "useInlineDiffs": false,
        "code": true
      },
      "version": "7.1.3"
    },
    "marge": {
      "options": {
        "reportDir": "cypress/reports",
        "overwrite": false,
        "html": true,
        "json": true,
        "charts": true
      },
      "version": "6.2.0"
    }
  }
}