{
  "stats": {
    "suites": 1,
    "tests": 1,
    "passes": 1,
    "pending": 0,
    "failures": 0,
    "start": "2025-01-12T16:35:47.599Z",
    "end": "2025-01-12T16:35:54.167Z",
    "duration": 6568,
    "testsRegistered": 1,
    "passPercent": 100,
    "pendingPercent": 0,
    "other": 0,
    "hasOther": false,
    "skipped": 0,
    "hasSkipped": false
  },
  "results": [
    {
      "uuid": "ac1f0d95-ba0e-44d2-87db-313a3dd50d4a",
      "title": "",
      "fullFile": "cypress\\e2e\\BuzzTest.cy.js",
      "file": "cypress\\e2e\\BuzzTest.cy.js",
      "beforeHooks": [],
      "afterHooks": [],
      "tests": [],
      "suites": [
        {
          "uuid": "fd61c3b4-5133-46ea-9ddd-9f3e3c378e06",
          "title": "Buzz Tests on Orange HRM Application",
          "fullFile": "",
          "file": "",
          "beforeHooks": [],
          "afterHooks": [],
          "tests": [
            {
              "title": "Verify user able to post in newsfeed of Buzz Module",
              "fullTitle": "Buzz Tests on Orange HRM Application Verify user able to post in newsfeed of Buzz Module",
              "timedOut": null,
              "duration": 6392,
              "state": "passed",
              "speed": "medium",
              "pass": true,
              "fail": false,
              "pending": false,
              "context": "{\n  \"title\": \"cypress-mochawesome-reporter-videos-passed\",\n  \"value\": \"cypress\\\\e2e\\\\BuzzTest.cy.js\"\n}",
              "code": "cy.get('textarea').should('be.visible').type('\"Hey My post\"');\ncy.get('button[type=\"submit\"]').click({\n  force: true\n});\ncy.get('.oxd-toast-content.oxd-toast-content--success').should('be.visible').contains('Successfully Saved');",
              "err": {},
              "uuid": "4b77868d-2915-425d-879c-4b72c26658fe",
              "parentUUID": "fd61c3b4-5133-46ea-9ddd-9f3e3c378e06",
              "isHook": false,
              "skipped": false
            }
          ],
          "suites": [],
          "passes": [
            "4b77868d-2915-425d-879c-4b72c26658fe"
          ],
          "failures": [],
          "pending": [],
          "skipped": [],
          "duration": 6392,
          "root": false,
          "rootEmpty": false,
          "_timeout": 2000
        }
      ],
      "passes": [],
      "failures": [],
      "pending": [],
      "skipped": [],
      "duration": 0,
      "root": true,
      "rootEmpty": true,
      "_timeout": 2000
    }
  ],
  "meta": {
    "mocha": {
      "version": "7.0.1"
    },
    "mochawesome": {
      "options": {
        "quiet": false,
        "reportFilename": "mochawesome",
        "saveHtml": true,
        "saveJson": true,
        "consoleReporter": "spec",
        "useInlineDiffs": false,
        "code": true
      },
      "version": "7.1.3"
    },
    "marge": {
      "options": {
        "reportDir": "cypress/reports",
        "overwrite": false,
        "html": true,
        "json": true,
        "charts": true
      },
      "version": "6.2.0"
    }
  }
}