{
  "stats": {
    "suites": 1,
    "tests": 4,
    "passes": 4,
    "pending": 0,
    "failures": 0,
    "start": "2025-01-12T16:56:56.099Z",
    "end": "2025-01-12T16:57:07.522Z",
    "duration": 11423,
    "testsRegistered": 4,
    "passPercent": 100,
    "pendingPercent": 0,
    "other": 0,
    "hasOther": false,
    "skipped": 0,
    "hasSkipped": false
  },
  "results": [
    {
      "uuid": "3003d44f-cd16-4151-9929-fce45b5c73f3",
      "title": "",
      "fullFile": "cypress\\e2e\\LoginTest.cy.js",
      "file": "cypress\\e2e\\LoginTest.cy.js",
      "beforeHooks": [],
      "afterHooks": [],
      "tests": [],
      "suites": [
        {
          "uuid": "21472804-71c3-41d0-a58f-e9cb2dcbb298",
          "title": "Basic Login Tests on Orange HRM Application",
          "fullFile": "",
          "file": "",
          "beforeHooks": [],
          "afterHooks": [],
          "tests": [
            {
              "title": "Verify Login to the HRM App is working",
              "fullTitle": "Basic Login Tests on Orange HRM Application Verify Login to the HRM App is working",
              "timedOut": null,
              "duration": 3824,
              "state": "passed",
              "speed": "fast",
              "pass": true,
              "fail": false,
              "pending": false,
              "context": "{\n  \"title\": \"cypress-mochawesome-reporter-videos-passed\",\n  \"value\": \"cypress\\\\e2e\\\\LoginTest.cy.js\"\n}",
              "code": "cy.visit('/');\ncy.get('input[placeholder=\"Username\"]').type(\"Admin\");\ncy.get('input[placeholder=\"Password\"]').type(\"admin123\");\ncy.get('button[type=\"submit\"]').click({\n  force: true\n});\n// Use the \"should\" command to assert element visibility\ncy.get('.oxd-userdropdown') // Replace '.element-selector' with the actual selector of the element\n.should('be.visible'); // Use 'be.visible' to assert that the element is visible",
              "err": {},
              "uuid": "83359c3f-0d7c-4b65-9b33-04116802f70b",
              "parentUUID": "21472804-71c3-41d0-a58f-e9cb2dcbb298",
              "isHook": false,
              "skipped": false
            },
            {
              "title": "Verify Login to the HRM App with invalid credentials",
              "fullTitle": "Basic Login Tests on Orange HRM Application Verify Login to the HRM App with invalid credentials",
              "timedOut": null,
              "duration": 3373,
              "state": "passed",
              "speed": "fast",
              "pass": true,
              "fail": false,
              "pending": false,
              "context": "{\n  \"title\": \"cypress-mochawesome-reporter-videos-passed\",\n  \"value\": \"cypress\\\\e2e\\\\LoginTest.cy.js\"\n}",
              "code": "cy.visit('/');\ncy.get('input[placeholder=\"Username\"]').type(\"Admin\");\ncy.get('input[placeholder=\"Password\"]').type(\"admin1235\");\ncy.get('button[type=\"submit\"]').click({\n  force: true\n});\n// Use the \"should\" command to assert element visibility\ncy.get('div[role=\"alert\"]') // Replace '.element-selector' with the actual selector of the element\n.should('be.visible'); // Use 'be.visible' to assert that the element is visible",
              "err": {},
              "uuid": "d7d0cc97-6dcd-4852-8d3b-ea54657b13a9",
              "parentUUID": "21472804-71c3-41d0-a58f-e9cb2dcbb298",
              "isHook": false,
              "skipped": false
            },
            {
              "title": "Verify Login to the HRM App with invalid credentials user",
              "fullTitle": "Basic Login Tests on Orange HRM Application Verify Login to the HRM App with invalid credentials user",
              "timedOut": null,
              "duration": 2471,
              "state": "passed",
              "speed": "fast",
              "pass": true,
              "fail": false,
              "pending": false,
              "context": "{\n  \"title\": \"cypress-mochawesome-reporter-videos-passed\",\n  \"value\": \"cypress\\\\e2e\\\\LoginTest.cy.js\"\n}",
              "code": "cy.visit('/');\ncy.get('input[placeholder=\"Username\"]').type(\"Adminee\");\ncy.get('input[placeholder=\"Password\"]').type(\"admin123\");\ncy.get('button[type=\"submit\"]').click({\n  force: true\n});\n// Use the \"should\" command to assert element visibility\ncy.get('div[role=\"alert\"]') // Replace '.element-selector' with the actual selector of the element\n.should('be.visible'); // Use 'be.visible' to assert that the element is visible",
              "err": {},
              "uuid": "fd57c9dd-92f3-4799-9f5d-36fed534d546",
              "parentUUID": "21472804-71c3-41d0-a58f-e9cb2dcbb298",
              "isHook": false,
              "skipped": false
            },
            {
              "title": "Login Forgot your password link navigation is working",
              "fullTitle": "Basic Login Tests on Orange HRM Application Login Forgot your password link navigation is working",
              "timedOut": null,
              "duration": 1576,
              "state": "passed",
              "speed": "fast",
              "pass": true,
              "fail": false,
              "pending": false,
              "context": "{\n  \"title\": \"cypress-mochawesome-reporter-videos-passed\",\n  \"value\": \"cypress\\\\e2e\\\\LoginTest.cy.js\"\n}",
              "code": "cy.visit('/');\ncy.get('.oxd-text.oxd-text--p.orangehrm-login-forgot-header').click({\n  force: true\n});\n// Use the \"should\" command to assert element visibility\ncy.get('button[type=\"button\"]') // Replace '.element-selector' with the actual selector of the element\n.should('be.visible');",
              "err": {},
              "uuid": "6153b92c-ad7c-481e-945c-6e5db54fbb4e",
              "parentUUID": "21472804-71c3-41d0-a58f-e9cb2dcbb298",
              "isHook": false,
              "skipped": false
            }
          ],
          "suites": [],
          "passes": [
            "83359c3f-0d7c-4b65-9b33-04116802f70b",
            "d7d0cc97-6dcd-4852-8d3b-ea54657b13a9",
            "fd57c9dd-92f3-4799-9f5d-36fed534d546",
            "6153b92c-ad7c-481e-945c-6e5db54fbb4e"
          ],
          "failures": [],
          "pending": [],
          "skipped": [],
          "duration": 11244,
          "root": false,
          "rootEmpty": false,
          "_timeout": 2000
        }
      ],
      "passes": [],
      "failures": [],
      "pending": [],
      "skipped": [],
      "duration": 0,
      "root": true,
      "rootEmpty": true,
      "_timeout": 2000
    }
  ],
  "meta": {
    "mocha": {
      "version": "7.0.1"
    },
    "mochawesome": {
      "options": {
        "quiet": false,
        "reportFilename": "mochawesome",
        "saveHtml": true,
        "saveJson": true,
        "consoleReporter": "spec",
        "useInlineDiffs": false,
        "code": true
      },
      "version": "7.1.3"
    },
    "marge": {
      "options": {
        "reportDir": "cypress/reports",
        "overwrite": false,
        "html": true,
        "json": true,
        "charts": true
      },
      "version": "6.2.0"
    }
  }
}