{
  "stats": {
    "suites": 1,
    "tests": 1,
    "passes": 1,
    "pending": 0,
    "failures": 0,
    "start": "2025-01-12T17:06:01.556Z",
    "end": "2025-01-12T17:06:07.561Z",
    "duration": 6005,
    "testsRegistered": 1,
    "passPercent": 100,
    "pendingPercent": 0,
    "other": 0,
    "hasOther": false,
    "skipped": 0,
    "hasSkipped": false
  },
  "results": [
    {
      "uuid": "8a59d149-12f9-4b7e-892c-c2d8b24d6e51",
      "title": "",
      "fullFile": "cypress\\e2e\\InfoPersTest.cy.js",
      "file": "cypress\\e2e\\InfoPersTest.cy.js",
      "beforeHooks": [],
      "afterHooks": [],
      "tests": [],
      "suites": [
        {
          "uuid": "48ae05a3-8952-4e47-9a76-0fa915c1da9b",
          "title": "Buzz Tests on Orange HRM Application",
          "fullFile": "",
          "file": "",
          "beforeHooks": [],
          "afterHooks": [],
          "tests": [
            {
              "title": "Verify My Infor module is displayed in Buzz",
              "fullTitle": "Buzz Tests on Orange HRM Application Verify My Infor module is displayed in Buzz",
              "timedOut": null,
              "duration": 5981,
              "state": "passed",
              "speed": "medium",
              "pass": true,
              "fail": false,
              "pending": false,
              "context": "{\n  \"title\": \"cypress-mochawesome-reporter-videos-passed\",\n  \"value\": \"cypress\\\\e2e\\\\InfoPersTest.cy.js\"\n}",
              "code": "cy.get('@myinfo').should('be.visible').click(); //using alisas\n//cy.get('a[href=\"/web/index.php/pim/contactDetails/empNumber/7\"]')\n//.should('be.visible').contains('Personal Details')",
              "err": {},
              "uuid": "6c6953c6-0083-46c6-87dd-06c810f1ce2d",
              "parentUUID": "48ae05a3-8952-4e47-9a76-0fa915c1da9b",
              "isHook": false,
              "skipped": false
            }
          ],
          "suites": [],
          "passes": [
            "6c6953c6-0083-46c6-87dd-06c810f1ce2d"
          ],
          "failures": [],
          "pending": [],
          "skipped": [],
          "duration": 5981,
          "root": false,
          "rootEmpty": false,
          "_timeout": 2000
        }
      ],
      "passes": [],
      "failures": [],
      "pending": [],
      "skipped": [],
      "duration": 0,
      "root": true,
      "rootEmpty": true,
      "_timeout": 2000
    }
  ],
  "meta": {
    "mocha": {
      "version": "7.0.1"
    },
    "mochawesome": {
      "options": {
        "quiet": false,
        "reportFilename": "mochawesome",
        "saveHtml": true,
        "saveJson": true,
        "consoleReporter": "spec",
        "useInlineDiffs": false,
        "code": true
      },
      "version": "7.1.3"
    },
    "marge": {
      "options": {
        "reportDir": "cypress/reports",
        "overwrite": false,
        "html": true,
        "json": true,
        "charts": true,
        "embeddedScreenshots": true,
        "inlineAssets": true
      },
      "version": "6.2.0"
    }
  }
}