{
  "stats": {
    "suites": 1,
    "tests": 1,
    "passes": 1,
    "pending": 0,
    "failures": 0,
    "start": "2025-01-12T16:46:28.838Z",
    "end": "2025-01-12T16:46:33.813Z",
    "duration": 4975,
    "testsRegistered": 1,
    "passPercent": 100,
    "pendingPercent": 0,
    "other": 0,
    "hasOther": false,
    "skipped": 0,
    "hasSkipped": false
  },
  "results": [
    {
      "uuid": "42518e2c-1335-45b2-b7fd-aa9ecc603376",
      "title": "",
      "fullFile": "cypress\\e2e\\ClaimTest.cy.js",
      "file": "cypress\\e2e\\ClaimTest.cy.js",
      "beforeHooks": [],
      "afterHooks": [],
      "tests": [],
      "suites": [
        {
          "uuid": "73dfae73-48f4-4ec9-a28a-b9bd9b05cbeb",
          "title": "Buzz Tests on Orange HRM Application",
          "fullFile": "",
          "file": "",
          "beforeHooks": [],
          "afterHooks": [],
          "tests": [
            {
              "title": "Verify Claim module is displayed in Buzz",
              "fullTitle": "Buzz Tests on Orange HRM Application Verify Claim module is displayed in Buzz",
              "timedOut": null,
              "duration": 4927,
              "state": "passed",
              "speed": "fast",
              "pass": true,
              "fail": false,
              "pending": false,
              "context": "{\n  \"title\": \"cypress-mochawesome-reporter-videos-passed\",\n  \"value\": \"cypress\\\\e2e\\\\ClaimTest.cy.js\"\n}",
              "code": "cy.get('a[href=\"/web/index.php/claim/viewClaimModule\"]').as('ClaimModule'); // creating alisas\ncy.get('@ClaimModule').should('be.visible').click(); //using alisas\ncy.get('button[type=\"submit\"]').click;",
              "err": {},
              "uuid": "6530b57d-8eee-44f5-bb81-450bfaa96a80",
              "parentUUID": "73dfae73-48f4-4ec9-a28a-b9bd9b05cbeb",
              "isHook": false,
              "skipped": false
            }
          ],
          "suites": [],
          "passes": [
            "6530b57d-8eee-44f5-bb81-450bfaa96a80"
          ],
          "failures": [],
          "pending": [],
          "skipped": [],
          "duration": 4927,
          "root": false,
          "rootEmpty": false,
          "_timeout": 2000
        }
      ],
      "passes": [],
      "failures": [],
      "pending": [],
      "skipped": [],
      "duration": 0,
      "root": true,
      "rootEmpty": true,
      "_timeout": 2000
    }
  ],
  "meta": {
    "mocha": {
      "version": "7.0.1"
    },
    "mochawesome": {
      "options": {
        "quiet": false,
        "reportFilename": "mochawesome",
        "saveHtml": true,
        "saveJson": true,
        "consoleReporter": "spec",
        "useInlineDiffs": false,
        "code": true
      },
      "version": "7.1.3"
    },
    "marge": {
      "options": {
        "reportDir": "cypress/reports",
        "overwrite": false,
        "html": true,
        "json": true,
        "charts": true
      },
      "version": "6.2.0"
    }
  }
}