{
  "stats": {
    "suites": 1,
    "tests": 1,
    "passes": 1,
    "pending": 0,
    "failures": 0,
    "start": "2025-01-12T16:52:16.790Z",
    "end": "2025-01-12T16:52:22.018Z",
    "duration": 5228,
    "testsRegistered": 1,
    "passPercent": 100,
    "pendingPercent": 0,
    "other": 0,
    "hasOther": false,
    "skipped": 0,
    "hasSkipped": false
  },
  "results": [
    {
      "uuid": "15650653-0c76-4f37-896d-7c8fe4bd0c15",
      "title": "",
      "fullFile": "cypress\\e2e\\ClaimTest.cy.js",
      "file": "cypress\\e2e\\ClaimTest.cy.js",
      "beforeHooks": [],
      "afterHooks": [],
      "tests": [],
      "suites": [
        {
          "uuid": "da58799d-3bf3-42c6-8c7d-805f5d9cb101",
          "title": "Buzz Tests on Orange HRM Application",
          "fullFile": "",
          "file": "",
          "beforeHooks": [],
          "afterHooks": [],
          "tests": [
            {
              "title": "Verify Claim module is displayed in Buzz",
              "fullTitle": "Buzz Tests on Orange HRM Application Verify Claim module is displayed in Buzz",
              "timedOut": null,
              "duration": 5184,
              "state": "passed",
              "speed": "medium",
              "pass": true,
              "fail": false,
              "pending": false,
              "context": "{\n  \"title\": \"cypress-mochawesome-reporter-videos-passed\",\n  \"value\": \"cypress\\\\e2e\\\\ClaimTest.cy.js\"\n}",
              "code": "cy.get('a[href=\"/web/index.php/claim/viewClaimModule\"]').as('ClaimModule'); // creating alisas\ncy.get('@ClaimModule').should('be.visible').click(); //using alisas\ncy.get('button[type=\"submit\"]').click;",
              "err": {},
              "uuid": "b2cd4753-6083-4015-9462-74d37da1f2f1",
              "parentUUID": "da58799d-3bf3-42c6-8c7d-805f5d9cb101",
              "isHook": false,
              "skipped": false
            }
          ],
          "suites": [],
          "passes": [
            "b2cd4753-6083-4015-9462-74d37da1f2f1"
          ],
          "failures": [],
          "pending": [],
          "skipped": [],
          "duration": 5184,
          "root": false,
          "rootEmpty": false,
          "_timeout": 2000
        }
      ],
      "passes": [],
      "failures": [],
      "pending": [],
      "skipped": [],
      "duration": 0,
      "root": true,
      "rootEmpty": true,
      "_timeout": 2000
    }
  ],
  "meta": {
    "mocha": {
      "version": "7.0.1"
    },
    "mochawesome": {
      "options": {
        "quiet": false,
        "reportFilename": "mochawesome",
        "saveHtml": true,
        "saveJson": true,
        "consoleReporter": "spec",
        "useInlineDiffs": false,
        "code": true
      },
      "version": "7.1.3"
    },
    "marge": {
      "options": {
        "reportDir": "cypress/reports",
        "overwrite": false,
        "html": true,
        "json": true,
        "charts": true
      },
      "version": "6.2.0"
    }
  }
}